# JRE version: OpenJDK Runtime Environment Temurin-17.0.6+10 (17.0.6+10) (build 17.0.6+10)
# Java VM: OpenJDK 64-Bit Server VM Temurin-17.0.6+10 (17.0.6+10, mixed mode, tiered, compressed oops, compressed class ptrs, parallel gc, windows-amd64)
GC Precious Log:
 CPUs: 4 total, 4 available
 Memory: 3948M
 Large Page Support: Disabled
 NUMA Support: Disabled
 Compressed Oops: Enabled (32-bit)
 Alignments: Space 512K, Generation 512K, Heap 2M
 Heap Min Capacity: 100M
 Heap Initial Capacity: 100M
 Heap Max Capacity: 1G
 Pre-touch: Disabled
 Parallel Workers: 4
Heap:
 PSYoungGen      total 5632K, used 4634K [0x00000000eab00000, 0x00000000eb380000, 0x0000000100000000)
  eden space 4608K, 92% used [0x00000000eab00000,0x00000000eaf2a8e0,0x00000000eaf80000)
  from space 1024K, 35% used [0x00000000eb180000,0x00000000eb1dc010,0x00000000eb280000)
  to   space 512K, 0% used [0x00000000eb300000,0x00000000eb300000,0x00000000eb380000)
 ParOldGen       total 101376K, used 76701K [0x00000000c0000000, 0x00000000c6300000, 0x00000000eab00000)
  object space 101376K, 75% used [0x00000000c0000000,0x00000000c4ae7428,0x00000000c6300000)
 Metaspace       used 80269K, committed 81280K, reserved 1122304K
  class space    used 8005K, committed 8448K, reserved 1048576K
GC Heap History (20 events):
Event: 11818.572 GC heap before
{Heap before GC invocations=3571 (full 53):
 PSYoungGen      total 7168K, used 5088K [0x00000000eab00000, 0x00000000eb580000, 0x0000000100000000)
  eden space 4608K, 100% used [0x00000000eab00000,0x00000000eaf80000,0x00000000eaf80000)
  from space 2560K, 18% used [0x00000000eb100000,0x00000000eb178000,0x00000000eb380000)
  to   space 1024K, 0% used [0x00000000eb480000,0x00000000eb480000,0x00000000eb580000)
 ParOldGen       total 110080K, used 107217K [0x00000000c0000000, 0x00000000c6b80000, 0x00000000eab00000)
  object space 110080K, 97% used [0x00000000c0000000,0x00000000c68b4600,0x00000000c6b80000)
 Metaspace       used 80182K, committed 81216K, reserved 1122304K
  class space    used 8004K, committed 8448K, reserved 1048576K
}
Event: 11818.579 GC heap after
{Heap after GC invocations=3571 (full 53):
 PSYoungGen      total 5632K, used 560K [0x00000000eab00000, 0x00000000eb580000, 0x0000000100000000)
  eden space 4608K, 0% used [0x00000000eab00000,0x00000000eab00000,0x00000000eaf80000)
  from space 1024K, 54% used [0x00000000eb480000,0x00000000eb50c010,0x00000000eb580000)
  to   space 1024K, 0% used [0x00000000eb380000,0x00000000eb380000,0x00000000eb480000)
 ParOldGen       total 110080K, used 107597K [0x00000000c0000000, 0x00000000c6b80000, 0x00000000eab00000)
  object space 110080K, 97% used [0x00000000c0000000,0x00000000c6913630,0x00000000c6b80000)
 Metaspace       used 80182K, committed 81216K, reserved 1122304K
  class space    used 8004K, committed 8448K, reserved 1048576K
}
Event: 11973.910 GC heap before
{Heap before GC invocations=3572 (full 53):
 PSYoungGen      total 5632K, used 5168K [0x00000000eab00000, 0x00000000eb580000, 0x0000000100000000)
  eden space 4608K, 100% used [0x00000000eab00000,0x00000000eaf80000,0x00000000eaf80000)
  from space 1024K, 54% used [0x00000000eb480000,0x00000000eb50c010,0x00000000eb580000)
  to   space 1024K, 0% used [0x00000000eb380000,0x00000000eb380000,0x00000000eb480000)
 ParOldGen       total 110080K, used 107597K [0x00000000c0000000, 0x00000000c6b80000, 0x00000000eab00000)
  object space 110080K, 97% used [0x00000000c0000000,0x00000000c6913630,0x00000000c6b80000)
 Metaspace       used 80200K, committed 81216K, reserved 1122304K
  class space    used 8005K, committed 8448K, reserved 1048576K
}
Event: 11973.919 GC heap after
{Heap after GC invocations=3572 (full 53):
 PSYoungGen      total 5120K, used 512K [0x00000000eab00000, 0x00000000eb500000, 0x0000000100000000)
  eden space 4608K, 0% used [0x00000000eab00000,0x00000000eab00000,0x00000000eaf80000)
  from space 512K, 100% used [0x00000000eb380000,0x00000000eb400000,0x00000000eb400000)
  to   space 1024K, 0% used [0x00000000eb400000,0x00000000eb400000,0x00000000eb500000)
 ParOldGen       total 110080K, used 108087K [0x00000000c0000000, 0x00000000c6b80000, 0x00000000eab00000)
  object space 110080K, 98% used [0x00000000c0000000,0x00000000c698dfb8,0x00000000c6b80000)
 Metaspace       used 80200K, committed 81216K, reserved 1122304K
  class space    used 8005K, committed 8448K, reserved 1048576K
}
Event: 11974.316 GC heap before
{Heap before GC invocations=3573 (full 53):
 PSYoungGen      total 5120K, used 5120K [0x00000000eab00000, 0x00000000eb500000, 0x0000000100000000)
  eden space 4608K, 100% used [0x00000000eab00000,0x00000000eaf80000,0x00000000eaf80000)
  from space 512K, 100% used [0x00000000eb380000,0x00000000eb400000,0x00000000eb400000)
  to   space 1024K, 0% used [0x00000000eb400000,0x00000000eb400000,0x00000000eb500000)
 ParOldGen       total 110080K, used 108087K [0x00000000c0000000, 0x00000000c6b80000, 0x00000000eab00000)
  object space 110080K, 98% used [0x00000000c0000000,0x00000000c698dfb8,0x00000000c6b80000)
 Metaspace       used 80200K, committed 81216K, reserved 1122304K
  class space    used 8005K, committed 8448K, reserved 1048576K
}
Event: 11974.323 GC heap after
{Heap after GC invocations=3573 (full 53):
 PSYoungGen      total 5632K, used 608K [0x00000000eab00000, 0x00000000eb500000, 0x0000000100000000)
  eden space 4608K, 0% used [0x00000000eab00000,0x00000000eab00000,0x00000000eaf80000)
  from space 1024K, 59% used [0x00000000eb400000,0x00000000eb498000,0x00000000eb500000)
  to   space 1024K, 0% used [0x00000000eb300000,0x00000000eb300000,0x00000000eb400000)
 ParOldGen       total 110080K, used 108539K [0x00000000c0000000, 0x00000000c6b80000, 0x00000000eab00000)
  object space 110080K, 98% used [0x00000000c0000000,0x00000000c69fee00,0x00000000c6b80000)
 Metaspace       used 80200K, committed 81216K, reserved 1122304K
  class space    used 8005K, committed 8448K, reserved 1048576K
}
Event: 11977.651 GC heap before
{Heap before GC invocations=3574 (full 53):
 PSYoungGen      total 5632K, used 5216K [0x00000000eab00000, 0x00000000eb500000, 0x0000000100000000)
  eden space 4608K, 100% used [0x00000000eab00000,0x00000000eaf80000,0x00000000eaf80000)
  from space 1024K, 59% used [0x00000000eb400000,0x00000000eb498000,0x00000000eb500000)
  to   space 1024K, 0% used [0x00000000eb300000,0x00000000eb300000,0x00000000eb400000)
 ParOldGen       total 110080K, used 108539K [0x00000000c0000000, 0x00000000c6b80000, 0x00000000eab00000)
  object space 110080K, 98% used [0x00000000c0000000,0x00000000c69fee00,0x00000000c6b80000)
 Metaspace       used 80202K, committed 81216K, reserved 1122304K
  class space    used 8005K, committed 8448K, reserved 1048576K
}
Event: 11977.659 GC heap after
{Heap after GC invocations=3574 (full 53):
 PSYoungGen      total 5632K, used 656K [0x00000000eab00000, 0x00000000eb480000, 0x0000000100000000)
  eden space 4608K, 0% used [0x00000000eab00000,0x00000000eab00000,0x00000000eaf80000)
  from space 1024K, 64% used [0x00000000eb300000,0x00000000eb3a4010,0x00000000eb400000)
  to   space 512K, 0% used [0x00000000eb400000,0x00000000eb400000,0x00000000eb480000)
 ParOldGen       total 110080K, used 109085K [0x00000000c0000000, 0x00000000c6b80000, 0x00000000eab00000)
  object space 110080K, 99% used [0x00000000c0000000,0x00000000c6a87788,0x00000000c6b80000)
 Metaspace       used 80202K, committed 81216K, reserved 1122304K
  class space    used 8005K, committed 8448K, reserved 1048576K
}
Event: 11978.033 GC heap before
{Heap before GC invocations=3575 (full 53):
 PSYoungGen      total 5632K, used 5264K [0x00000000eab00000, 0x00000000eb480000, 0x0000000100000000)
  eden space 4608K, 100% used [0x00000000eab00000,0x00000000eaf80000,0x00000000eaf80000)
  from space 1024K, 64% used [0x00000000eb300000,0x00000000eb3a4010,0x00000000eb400000)
  to   space 512K, 0% used [0x00000000eb400000,0x00000000eb400000,0x00000000eb480000)
 ParOldGen       total 110080K, used 109085K [0x00000000c0000000, 0x00000000c6b80000, 0x00000000eab00000)
  object space 110080K, 99% used [0x00000000c0000000,0x00000000c6a87788,0x00000000c6b80000)
 Metaspace       used 80202K, committed 81216K, reserved 1122304K
  class space    used 8005K, committed 8448K, reserved 1048576K
}
Event: 11978.040 GC heap after
{Heap after GC invocations=3575 (full 53):
 PSYoungGen      total 5120K, used 512K [0x00000000eab00000, 0x00000000eb480000, 0x0000000100000000)
  eden space 4608K, 0% used [0x00000000eab00000,0x00000000eab00000,0x00000000eaf80000)
  from space 512K, 100% used [0x00000000eb400000,0x00000000eb480000,0x00000000eb480000)
  to   space 1536K, 0% used [0x00000000eb180000,0x00000000eb180000,0x00000000eb300000)
 ParOldGen       total 110080K, used 109811K [0x00000000c0000000, 0x00000000c6b80000, 0x00000000eab00000)
  object space 110080K, 99% used [0x00000000c0000000,0x00000000c6b3cd18,0x00000000c6b80000)
 Metaspace       used 80202K, committed 81216K, reserved 1122304K
  class space    used 8005K, committed 8448K, reserved 1048576K
}
Event: 11978.040 GC heap before
{Heap before GC invocations=3576 (full 54):
 PSYoungGen      total 5120K, used 512K [0x00000000eab00000, 0x00000000eb480000, 0x0000000100000000)
  eden space 4608K, 0% used [0x00000000eab00000,0x00000000eab00000,0x00000000eaf80000)
  from space 512K, 100% used [0x00000000eb400000,0x00000000eb480000,0x00000000eb480000)
  to   space 1536K, 0% used [0x00000000eb180000,0x00000000eb180000,0x00000000eb300000)
 ParOldGen       total 110080K, used 109811K [0x00000000c0000000, 0x00000000c6b80000, 0x00000000eab00000)
  object space 110080K, 99% used [0x00000000c0000000,0x00000000c6b3cd18,0x00000000c6b80000)
 Metaspace       used 80202K, committed 81216K, reserved 1122304K
  class space    used 8005K, committed 8448K, reserved 1048576K
}
Event: 11978.498 GC heap after
{Heap after GC invocations=3576 (full 54):
 PSYoungGen      total 6144K, used 0K [0x00000000eab00000, 0x00000000eb480000, 0x0000000100000000)
  eden space 4608K, 0% used [0x00000000eab00000,0x00000000eab00000,0x00000000eaf80000)
  from space 1536K, 0% used [0x00000000eb180000,0x00000000eb180000,0x00000000eb300000)
  to   space 1536K, 0% used [0x00000000eb300000,0x00000000eb300000,0x00000000eb480000)
 ParOldGen       total 101376K, used 75494K [0x00000000c0000000, 0x00000000c6300000, 0x00000000eab00000)
  object space 101376K, 74% used [0x00000000c0000000,0x00000000c49b9a08,0x00000000c6300000)
 Metaspace       used 80202K, committed 81216K, reserved 1122304K
  class space    used 8005K, committed 8448K, reserved 1048576K
}
Event: 11978.670 GC heap before
{Heap before GC invocations=3577 (full 54):
 PSYoungGen      total 6144K, used 4607K [0x00000000eab00000, 0x00000000eb480000, 0x0000000100000000)
  eden space 4608K, 99% used [0x00000000eab00000,0x00000000eaf7fff8,0x00000000eaf80000)
  from space 1536K, 0% used [0x00000000eb180000,0x00000000eb180000,0x00000000eb300000)
  to   space 1536K, 0% used [0x00000000eb300000,0x00000000eb300000,0x00000000eb480000)
 ParOldGen       total 101376K, used 75494K [0x00000000c0000000, 0x00000000c6300000, 0x00000000eab00000)
  object space 101376K, 74% used [0x00000000c0000000,0x00000000c49b9a08,0x00000000c6300000)
 Metaspace       used 80202K, committed 81216K, reserved 1122304K
  class space    used 8005K, committed 8448K, reserved 1048576K
}
Event: 11978.755 GC heap after
{Heap after GC invocations=3577 (full 54):
 PSYoungGen      total 5632K, used 800K [0x00000000eab00000, 0x00000000eb400000, 0x0000000100000000)
  eden space 4608K, 0% used [0x00000000eab00000,0x00000000eab00000,0x00000000eaf80000)
  from space 1024K, 78% used [0x00000000eb300000,0x00000000eb3c8000,0x00000000eb400000)
  to   space 1024K, 0% used [0x00000000eb200000,0x00000000eb200000,0x00000000eb300000)
 ParOldGen       total 101376K, used 75494K [0x00000000c0000000, 0x00000000c6300000, 0x00000000eab00000)
  object space 101376K, 74% used [0x00000000c0000000,0x00000000c49b9a08,0x00000000c6300000)
 Metaspace       used 80202K, committed 81216K, reserved 1122304K
  class space    used 8005K, committed 8448K, reserved 1048576K
}
Event: 11979.334 GC heap before
{Heap before GC invocations=3578 (full 54):
 PSYoungGen      total 5632K, used 5408K [0x00000000eab00000, 0x00000000eb400000, 0x0000000100000000)
  eden space 4608K, 100% used [0x00000000eab00000,0x00000000eaf80000,0x00000000eaf80000)
  from space 1024K, 78% used [0x00000000eb300000,0x00000000eb3c8000,0x00000000eb400000)
  to   space 1024K, 0% used [0x00000000eb200000,0x00000000eb200000,0x00000000eb300000)
 ParOldGen       total 101376K, used 75494K [0x00000000c0000000, 0x00000000c6300000, 0x00000000eab00000)
  object space 101376K, 74% used [0x00000000c0000000,0x00000000c49b9a08,0x00000000c6300000)
 Metaspace       used 80203K, committed 81216K, reserved 1122304K
  class space    used 8005K, committed 8448K, reserved 1048576K
}
Event: 11979.340 GC heap after
{Heap after GC invocations=3578 (full 54):
 PSYoungGen      total 5632K, used 752K [0x00000000eab00000, 0x00000000eb380000, 0x0000000100000000)
  eden space 4608K, 0% used [0x00000000eab00000,0x00000000eab00000,0x00000000eaf80000)
  from space 1024K, 73% used [0x00000000eb200000,0x00000000eb2bc010,0x00000000eb300000)
  to   space 512K, 0% used [0x00000000eb300000,0x00000000eb300000,0x00000000eb380000)
 ParOldGen       total 101376K, used 76170K [0x00000000c0000000, 0x00000000c6300000, 0x00000000eab00000)
  object space 101376K, 75% used [0x00000000c0000000,0x00000000c4a62968,0x00000000c6300000)
 Metaspace       used 80203K, committed 81216K, reserved 1122304K
  class space    used 8005K, committed 8448K, reserved 1048576K
}
Event: 11980.367 GC heap before
{Heap before GC invocations=3579 (full 54):
 PSYoungGen      total 5632K, used 5360K [0x00000000eab00000, 0x00000000eb380000, 0x0000000100000000)
  eden space 4608K, 100% used [0x00000000eab00000,0x00000000eaf80000,0x00000000eaf80000)
  from space 1024K, 73% used [0x00000000eb200000,0x00000000eb2bc010,0x00000000eb300000)
  to   space 512K, 0% used [0x00000000eb300000,0x00000000eb300000,0x00000000eb380000)
 ParOldGen       total 101376K, used 76170K [0x00000000c0000000, 0x00000000c6300000, 0x00000000eab00000)
  object space 101376K, 75% used [0x00000000c0000000,0x00000000c4a62968,0x00000000c6300000)
 Metaspace       used 80244K, committed 81280K, reserved 1122304K
  class space    used 8005K, committed 8448K, reserved 1048576K
}
Event: 11980.373 GC heap after
{Heap after GC invocations=3579 (full 54):
 PSYoungGen      total 5120K, used 496K [0x00000000eab00000, 0x00000000eb380000, 0x0000000100000000)
  eden space 4608K, 0% used [0x00000000eab00000,0x00000000eab00000,0x00000000eaf80000)
  from space 512K, 96% used [0x00000000eb300000,0x00000000eb37c010,0x00000000eb380000)
  to   space 1024K, 0% used [0x00000000eb180000,0x00000000eb180000,0x00000000eb280000)
 ParOldGen       total 101376K, used 76701K [0x00000000c0000000, 0x00000000c6300000, 0x00000000eab00000)
  object space 101376K, 75% used [0x00000000c0000000,0x00000000c4ae7428,0x00000000c6300000)
 Metaspace       used 80244K, committed 81280K, reserved 1122304K
  class space    used 8005K, committed 8448K, reserved 1048576K
}
Event: 11980.679 GC heap before
{Heap before GC invocations=3580 (full 54):
 PSYoungGen      total 5120K, used 5104K [0x00000000eab00000, 0x00000000eb380000, 0x0000000100000000)
  eden space 4608K, 100% used [0x00000000eab00000,0x00000000eaf80000,0x00000000eaf80000)
  from space 512K, 96% used [0x00000000eb300000,0x00000000eb37c010,0x00000000eb380000)
  to   space 1024K, 0% used [0x00000000eb180000,0x00000000eb180000,0x00000000eb280000)
 ParOldGen       total 101376K, used 76701K [0x00000000c0000000, 0x00000000c6300000, 0x00000000eab00000)
  object space 101376K, 75% used [0x00000000c0000000,0x00000000c4ae7428,0x00000000c6300000)
 Metaspace       used 80262K, committed 81280K, reserved 1122304K
  class space    used 8005K, committed 8448K, reserved 1048576K
}
Event: 11980.682 GC heap after
{Heap after GC invocations=3580 (full 54):
 PSYoungGen      total 5632K, used 368K [0x00000000eab00000, 0x00000000eb380000, 0x0000000100000000)
  eden space 4608K, 0% used [0x00000000eab00000,0x00000000eab00000,0x00000000eaf80000)
  from space 1024K, 35% used [0x00000000eb180000,0x00000000eb1dc010,0x00000000eb280000)
  to   space 512K, 0% used [0x00000000eb300000,0x00000000eb300000,0x00000000eb380000)
 ParOldGen       total 101376K, used 76701K [0x00000000c0000000, 0x00000000c6300000, 0x00000000eab00000)
  object space 101376K, 75% used [0x00000000c0000000,0x00000000c4ae7428,0x00000000c6300000)
 Metaspace       used 80262K, committed 81280K, reserved 1122304K
  class space    used 8005K, committed 8448K, reserved 1048576K
}

